# JRE version: OpenJDK Runtime Environment (21.0.10+7) (build 21.0.10+7)
# Java VM: OpenJDK 64-Bit Server VM (21.0.10+7, mixed mode, sharing, tiered, compressed oops, compressed class ptrs, g1 gc, linux-amd64)
GC Precious Log:
 CardTable entry size: 512
 Card Set container configuration: InlinePtr #cards 4 size 8 Array Of Cards #cards 32 size 80 Howl #buckets 8 coarsen threshold 7372 Howl Bitmap #cards 1024 size 144 coarsen threshold 921 Card regions per heap region 1 cards per card region 8192
 CPUs: 16 total, 16 available
 Memory: 31305M
 Large Page Support: Disabled
 NUMA Support: Disabled
 Compressed Oops: Enabled (Zero based)
 Heap Region Size: 4M
 Heap Min Capacity: 8M
 Heap Initial Capacity: 492M
 Heap Max Capacity: 7828M
 Pre-touch: Disabled
 Parallel Workers: 13
 Concurrent Workers: 3
 Concurrent Refinement Workers: 13
 Periodic GC: Disabled
Heap:
 garbage-first heap   total 933888K, used 879533K [0x0000000616c00000, 0x0000000800000000)
  region size 4096K, 115 young (471040K), 8 survivors (32768K)
 Metaspace       used 127542K, committed 128960K, reserved 1179648K
  class space    used 18509K, committed 19136K, reserved 1048576K
GC Heap History (20 events):
Event: 30.654 GC heap after
{Heap after GC invocations=36 (full 0):
 garbage-first heap   total 770048K, used 418258K [0x0000000616c00000, 0x0000000800000000)
  region size 4096K, 6 young (24576K), 6 survivors (24576K)
 Metaspace       used 124595K, committed 126016K, reserved 1179648K
  class space    used 18262K, committed 18880K, reserved 1048576K
}
Event: 31.034 GC heap before
{Heap before GC invocations=36 (full 0):
 garbage-first heap   total 770048K, used 704978K [0x0000000616c00000, 0x0000000800000000)
  region size 4096K, 77 young (315392K), 6 survivors (24576K)
 Metaspace       used 124744K, committed 126144K, reserved 1179648K
  class space    used 18268K, committed 18880K, reserved 1048576K
}
Event: 31.044 GC heap after
{Heap after GC invocations=37 (full 0):
 garbage-first heap   total 925696K, used 418851K [0x0000000616c00000, 0x0000000800000000)
  region size 4096K, 5 young (20480K), 5 survivors (20480K)
 Metaspace       used 124744K, committed 126144K, reserved 1179648K
  class space    used 18268K, committed 18880K, reserved 1048576K
}
Event: 39.051 GC heap before
{Heap before GC invocations=37 (full 0):
 garbage-first heap   total 925696K, used 848931K [0x0000000616c00000, 0x0000000800000000)
  region size 4096K, 110 young (450560K), 5 survivors (20480K)
 Metaspace       used 125785K, committed 127168K, reserved 1179648K
  class space    used 18322K, committed 18944K, reserved 1048576K
}
Event: 39.056 GC heap after
{Heap after GC invocations=38 (full 0):
 garbage-first heap   total 925696K, used 417654K [0x0000000616c00000, 0x0000000800000000)
  region size 4096K, 5 young (20480K), 5 survivors (20480K)
 Metaspace       used 125785K, committed 127168K, reserved 1179648K
  class space    used 18322K, committed 18944K, reserved 1048576K
}
Event: 48.638 GC heap before
{Heap before GC invocations=39 (full 0):
 garbage-first heap   total 925696K, used 872310K [0x0000000616c00000, 0x0000000800000000)
  region size 4096K, 116 young (475136K), 5 survivors (20480K)
 Metaspace       used 126044K, committed 127424K, reserved 1179648K
  class space    used 18323K, committed 18944K, reserved 1048576K
}
Event: 48.643 GC heap after
{Heap after GC invocations=40 (full 0):
 garbage-first heap   total 925696K, used 416860K [0x0000000616c00000, 0x0000000800000000)
  region size 4096K, 5 young (20480K), 5 survivors (20480K)
 Metaspace       used 126044K, committed 127424K, reserved 1179648K
  class space    used 18323K, committed 18944K, reserved 1048576K
}
Event: 51.808 GC heap before
{Heap before GC invocations=40 (full 0):
 garbage-first heap   total 925696K, used 867420K [0x0000000616c00000, 0x0000000800000000)
  region size 4096K, 116 young (475136K), 5 survivors (20480K)
 Metaspace       used 126220K, committed 127552K, reserved 1179648K
  class space    used 18347K, committed 18944K, reserved 1048576K
}
Event: 51.816 GC heap after
{Heap after GC invocations=41 (full 0):
 garbage-first heap   total 925696K, used 421545K [0x0000000616c00000, 0x0000000800000000)
  region size 4096K, 7 young (28672K), 7 survivors (28672K)
 Metaspace       used 126220K, committed 127552K, reserved 1179648K
  class space    used 18347K, committed 18944K, reserved 1048576K
}
Event: 57.949 GC heap before
{Heap before GC invocations=41 (full 0):
 garbage-first heap   total 925696K, used 872105K [0x0000000616c00000, 0x0000000800000000)
  region size 4096K, 117 young (479232K), 7 survivors (28672K)
 Metaspace       used 126500K, committed 127936K, reserved 1179648K
  class space    used 18375K, committed 19008K, reserved 1048576K
}
Event: 57.956 GC heap after
{Heap after GC invocations=42 (full 0):
 garbage-first heap   total 925696K, used 422137K [0x0000000616c00000, 0x0000000800000000)
  region size 4096K, 7 young (28672K), 7 survivors (28672K)
 Metaspace       used 126500K, committed 127936K, reserved 1179648K
  class space    used 18375K, committed 19008K, reserved 1048576K
}
Event: 61.779 GC heap before
{Heap before GC invocations=43 (full 0):
 garbage-first heap   total 925696K, used 868601K [0x0000000616c00000, 0x0000000800000000)
  region size 4096K, 117 young (479232K), 7 survivors (28672K)
 Metaspace       used 126765K, committed 128128K, reserved 1179648K
  class space    used 18429K, committed 19008K, reserved 1048576K
}
Event: 61.786 GC heap after
{Heap after GC invocations=44 (full 0):
 garbage-first heap   total 925696K, used 428297K [0x0000000616c00000, 0x0000000800000000)
  region size 4096K, 8 young (32768K), 8 survivors (32768K)
 Metaspace       used 126765K, committed 128128K, reserved 1179648K
  class space    used 18429K, committed 19008K, reserved 1048576K
}
Event: 66.943 GC heap before
{Heap before GC invocations=44 (full 0):
 garbage-first heap   total 925696K, used 870665K [0x0000000616c00000, 0x0000000800000000)
  region size 4096K, 117 young (479232K), 8 survivors (32768K)
 Metaspace       used 126928K, committed 128384K, reserved 1179648K
  class space    used 18440K, committed 19072K, reserved 1048576K
}
Event: 66.957 GC heap after
{Heap after GC invocations=45 (full 0):
 garbage-first heap   total 929792K, used 436684K [0x0000000616c00000, 0x0000000800000000)
  region size 4096K, 11 young (45056K), 11 survivors (45056K)
 Metaspace       used 126928K, committed 128384K, reserved 1179648K
  class space    used 18440K, committed 19072K, reserved 1048576K
}
Event: 72.521 GC heap before
{Heap before GC invocations=45 (full 0):
 garbage-first heap   total 929792K, used 874956K [0x0000000616c00000, 0x0000000800000000)
  region size 4096K, 119 young (487424K), 11 survivors (45056K)
 Metaspace       used 126967K, committed 128384K, reserved 1179648K
  class space    used 18440K, committed 19072K, reserved 1048576K
}
Event: 72.531 GC heap after
{Heap after GC invocations=46 (full 0):
 garbage-first heap   total 933888K, used 440704K [0x0000000616c00000, 0x0000000800000000)
  region size 4096K, 10 young (40960K), 10 survivors (40960K)
 Metaspace       used 126967K, committed 128384K, reserved 1179648K
  class space    used 18440K, committed 19072K, reserved 1048576K
}
Event: 81.732 GC heap before
{Heap before GC invocations=47 (full 0):
 garbage-first heap   total 933888K, used 878976K [0x0000000616c00000, 0x0000000800000000)
  region size 4096K, 117 young (479232K), 10 survivors (40960K)
 Metaspace       used 127450K, committed 128896K, reserved 1179648K
  class space    used 18499K, committed 19136K, reserved 1048576K
}
Event: 81.741 GC heap after
{Heap after GC invocations=48 (full 0):
 garbage-first heap   total 933888K, used 441261K [0x0000000616c00000, 0x0000000800000000)
  region size 4096K, 9 young (36864K), 9 survivors (36864K)
 Metaspace       used 127450K, committed 128896K, reserved 1179648K
  class space    used 18499K, committed 19136K, reserved 1048576K
}
Event: 86.431 GC heap before
{Heap before GC invocations=48 (full 0):
 garbage-first heap   total 933888K, used 875437K [0x0000000616c00000, 0x0000000800000000)
  region size 4096K, 116 young (475136K), 9 survivors (36864K)
 Metaspace       used 127542K, committed 128960K, reserved 1179648K
  class space    used 18509K, committed 19136K, reserved 1048576K
}

